<?xml version="1.0" encoding="UTF-8"?>
<testsuite xmlns:xsi="http://www.w3.org/2001/XMLSchema-instance" xsi:noNamespaceSchemaLocation="https://maven.apache.org/surefire/maven-surefire-plugin/xsd/surefire-test-report.xsd" name="drukmakor.GuiTest" time="30.312" tests="4" errors="0" skipped="0" failures="0">
  <properties>
[...]
</properties>
  <testcase name="shouldHaveCorrectTitle" classname="drukmakor.GuiTest" time="11.899"/>
  <testcase name="shouldAddSaboteursAndMechanic" classname="drukmakor.GuiTest" time="13.539"/>
  <testcase name="shouldStartTheGame" classname="drukmakor.GuiTest" time="2.83"/>
  <testcase name="shouldAddSaboteur" classname="drukmakor.GuiTest" time="2.037"/>
</testsuite>